0 info it worked if it ends with ok
1 verbose cli [ '/usr/local/bin/node',
1 verbose cli   '/usr/local/lib/node_modules/tnpm/node_modules/npm/bin/npm-cli.js',
1 verbose cli   '--cache=/Users/jljsj/.tnpm',
1 verbose cli   '--node_sqlite3_binary_host_mirror=https://npm.taobao.org/mirrors/',
1 verbose cli   '--fse_binary_host_mirror=https://npm.taobao.org/mirrors/fsevents/',
1 verbose cli   '--tmp=/Users/jljsj/.tnpm_tmp',
1 verbose cli   '--progress=false',
1 verbose cli   '--no-proxy',
1 verbose cli   '--disturl=https://npm.taobao.org/mirrors/node',
1 verbose cli   '--userconfig=/Users/jljsj/.tnpmrc',
1 verbose cli   '--registry=http://registry.npm.alibaba-inc.com',
1 verbose cli   'run',
1 verbose cli   'lint' ]
2 info using npm@3.9.5
3 info using node@v4.2.1
4 verbose run-script [ 'prelint', 'lint', 'postlint' ]
5 info lifecycle react-sublime-video@0.2.0~prelint: react-sublime-video@0.2.0
6 silly lifecycle react-sublime-video@0.2.0~prelint: no script for prelint, continuing
7 info lifecycle react-sublime-video@0.2.0~lint: react-sublime-video@0.2.0
8 verbose lifecycle react-sublime-video@0.2.0~lint: unsafe-perm in lifecycle true
9 verbose lifecycle react-sublime-video@0.2.0~lint: PATH: /usr/local/lib/node_modules/tnpm/node_modules/npm/bin/node-gyp-bin:/Users/jljsj/Documents/web/Ant-Motion-component/react-sublime-video/node_modules/.bin:/usr/local/bin:/usr/local/bin:/usr/local/mongodb/bin:/Library/Frameworks/Python.framework/Versions/2.7/bin:/Users/jljsj/Documents/cocos2d-x-3.0/tools/cocos2d-console/bin:/sdk:/android-ndk-r9:/android-ndk-r9:/usr/local/bin:/usr/bin:/bin:/usr/sbin:/sbin:/android-ndk-r9/toolchains:/sdk:/sdk/platform-tools:/sdk/tools:/apache-ant-1.9.3/bin
10 verbose lifecycle react-sublime-video@0.2.0~lint: CWD: /Users/jljsj/Documents/web/Ant-Motion-component/react-sublime-video
11 silly lifecycle react-sublime-video@0.2.0~lint: Args: [ '-c', 'rc-tools run lint' ]
12 silly lifecycle react-sublime-video@0.2.0~lint: Returned: code: 1  signal: null
13 info lifecycle react-sublime-video@0.2.0~lint: Failed to exec lint script
14 verbose stack Error: react-sublime-video@0.2.0 lint: `rc-tools run lint`
14 verbose stack Exit status 1
14 verbose stack     at EventEmitter.<anonymous> (/usr/local/lib/node_modules/tnpm/node_modules/npm/lib/utils/lifecycle.js:245:16)
14 verbose stack     at emitTwo (events.js:87:13)
14 verbose stack     at EventEmitter.emit (events.js:172:7)
14 verbose stack     at ChildProcess.<anonymous> (/usr/local/lib/node_modules/tnpm/node_modules/npm/lib/utils/spawn.js:24:14)
14 verbose stack     at emitTwo (events.js:87:13)
14 verbose stack     at ChildProcess.emit (events.js:172:7)
14 verbose stack     at maybeClose (internal/child_process.js:818:16)
14 verbose stack     at Process.ChildProcess._handle.onexit (internal/child_process.js:211:5)
15 verbose pkgid react-sublime-video@0.2.0
16 verbose cwd /Users/jljsj/Documents/web/Ant-Motion-component/react-sublime-video
17 error Darwin 15.0.0
18 error argv "/usr/local/bin/node" "/usr/local/lib/node_modules/tnpm/node_modules/npm/bin/npm-cli.js" "--cache=/Users/jljsj/.tnpm" "--node_sqlite3_binary_host_mirror=https://npm.taobao.org/mirrors/" "--fse_binary_host_mirror=https://npm.taobao.org/mirrors/fsevents/" "--tmp=/Users/jljsj/.tnpm_tmp" "--progress=false" "--no-proxy" "--disturl=https://npm.taobao.org/mirrors/node" "--userconfig=/Users/jljsj/.tnpmrc" "--registry=http://registry.npm.alibaba-inc.com" "run" "lint"
19 error node v4.2.1
20 error npm  v3.9.5
21 error code ELIFECYCLE
22 error react-sublime-video@0.2.0 lint: `rc-tools run lint`
22 error Exit status 1
23 error Failed at the react-sublime-video@0.2.0 lint script 'rc-tools run lint'.
23 error Make sure you have the latest version of node.js and npm installed.
23 error If you do, this is most likely a problem with the react-sublime-video package,
23 error not with npm itself.
23 error Tell the author that this fails on your system:
23 error     rc-tools run lint
23 error You can get information on how to open an issue for this project with:
23 error     npm bugs react-sublime-video
23 error Or if that isn't available, you can get their info via:
23 error     npm owner ls react-sublime-video
23 error There is likely additional logging output above.
24 verbose exit [ 1, true ]
